<?xml version="1.0" encoding="UTF-8"?>
<!-- Generated by org.testng.reporters.JUnitReportReporter -->
<testsuite hostname="DESKTOP-HGR09P9" failures="0" tests="50" name="runner.TestRunner" time="643.551" errors="0" timestamp="2024-10-27T07:29:51 CDT" skipped="0">
  <testcase classname="runner.TestRunner" name="runScenario" time="12.054"/>
  <testcase classname="runner.TestRunner" name="runScenario" time="21.649"/>
  <testcase classname="runner.TestRunner" name="runScenario" time="12.254"/>
  <testcase classname="runner.TestRunner" name="runScenario" time="12.804"/>
  <testcase classname="runner.TestRunner" name="runScenario" time="11.068"/>
  <testcase classname="runner.TestRunner" name="runScenario" time="12.095"/>
  <testcase classname="runner.TestRunner" name="runScenario" time="11.199"/>
  <testcase classname="runner.TestRunner" name="runScenario" time="12.405"/>
  <testcase classname="runner.TestRunner" name="runScenario" time="12.391"/>
  <testcase classname="runner.TestRunner" name="runScenario" time="12.189"/>
  <testcase classname="runner.TestRunner" name="runScenario" time="21.427"/>
  <testcase classname="runner.TestRunner" name="runScenario" time="11.223"/>
  <testcase classname="runner.TestRunner" name="runScenario" time="12.113"/>
  <testcase classname="runner.TestRunner" name="runScenario" time="11.622"/>
  <testcase classname="runner.TestRunner" name="runScenario" time="11.473"/>
  <testcase classname="runner.TestRunner" name="runScenario" time="12.790"/>
  <testcase classname="runner.TestRunner" name="runScenario" time="11.307"/>
  <testcase classname="runner.TestRunner" name="runScenario" time="12.468"/>
  <testcase classname="runner.TestRunner" name="runScenario" time="12.647"/>
  <testcase classname="runner.TestRunner" name="runScenario" time="11.650"/>
  <testcase classname="runner.TestRunner" name="runScenario" time="21.475"/>
  <testcase classname="runner.TestRunner" name="runScenario" time="12.273"/>
  <testcase classname="runner.TestRunner" name="runScenario" time="12.251"/>
  <testcase classname="runner.TestRunner" name="runScenario" time="11.509"/>
  <testcase classname="runner.TestRunner" name="runScenario" time="12.640"/>
  <testcase classname="runner.TestRunner" name="runScenario" time="11.217"/>
  <testcase classname="runner.TestRunner" name="runScenario" time="12.598"/>
  <testcase classname="runner.TestRunner" name="runScenario" time="11.899"/>
  <testcase classname="runner.TestRunner" name="runScenario" time="14.772"/>
  <testcase classname="runner.TestRunner" name="runScenario" time="12.225"/>
  <testcase classname="runner.TestRunner" name="runScenario" time="21.472"/>
  <testcase classname="runner.TestRunner" name="runScenario" time="13.070"/>
  <testcase classname="runner.TestRunner" name="runScenario" time="11.117"/>
  <testcase classname="runner.TestRunner" name="runScenario" time="12.477"/>
  <testcase classname="runner.TestRunner" name="runScenario" time="11.159"/>
  <testcase classname="runner.TestRunner" name="runScenario" time="11.261"/>
  <testcase classname="runner.TestRunner" name="runScenario" time="21.939"/>
  <testcase classname="runner.TestRunner" name="runScenario" time="11.232"/>
  <testcase classname="runner.TestRunner" name="runScenario" time="12.599"/>
  <testcase classname="runner.TestRunner" name="runScenario" time="12.357"/>
  <testcase classname="runner.TestRunner" name="runScenario" time="11.519"/>
  <testcase classname="runner.TestRunner" name="runScenario" time="11.445"/>
  <testcase classname="runner.TestRunner" name="runScenario" time="3.753"/>
  <testcase classname="runner.TestRunner" name="runScenario" time="12.975"/>
  <testcase classname="runner.TestRunner" name="runScenario" time="12.430"/>
  <testcase classname="runner.TestRunner" name="runScenario" time="11.373"/>
  <testcase classname="runner.TestRunner" name="runScenario" time="11.509"/>
  <testcase classname="runner.TestRunner" name="runScenario" time="12.308"/>
  <testcase classname="runner.TestRunner" name="runScenario" time="12.989"/>
  <testcase classname="runner.TestRunner" name="runScenario" time="12.880"/>
</testsuite> <!-- runner.TestRunner -->
